Build target 'Target 1'
compiling main.c...
compiling stm32f10x_it.c...
compiling OLED.c...
compiling Serial.c...
"no source": Error:  #5: cannot open source input file "Hardware\Serial.c": No such file or directory
Hardware\Serial.c: 0 warnings, 1 error
compiling usart2.c...
compiling timer.c...
compiling as608.c...
compiling Key.c...
compiling ctl_as608.c...
compiling usart3.c...
compiling syn6288.c...
compiling delay.c...
compiling sys.c...
compiling menu.c...
linking...
.\Objects\Project.axf: error: L6002U: Could not open file .\objects\serial.o: No such file or directory
Finished: 0 information, 0 warning, 0 error and 1 fatal error messages.
".\Objects\Project.axf" - 1 Error(s), 0 Warning(s).
Target not created.
